
====================================================================================================

  (Run Starting)

  ┌────────────────────────────────────────────────────────────────────────────────────────────────┐
  │ Cypress:        14.5.3                                                                         │
  │ Browser:        Electron 130 (headless)                                                        │
  │ Node Version:   v18.20.7 (/opt/homebrew/Cellar/node@18/18.20.7_1/bin/node)                     │
  │ Specs:          6 found (00_simple_visit.cy.ts, 01_onboarding_dashboard.cy.ts, 02_scan_to_vaul │
  │                 t.cy.ts, 03_will_pdf.cy.ts, 04_time_capsule.cy.ts, 05_dead_man_switch.cy.ts)   │
  │ Searched:       cypress/e2e/**/*.cy.ts                                                         │
  └────────────────────────────────────────────────────────────────────────────────────────────────┘


────────────────────────────────────────────────────────────────────────────────────────────────────
                                                                                                    
  Running:  00_simple_visit.cy.ts                                                           (1 of 6)


  Simple Page Visit
    ✓ should load the homepage without errors (303ms)


  1 passing (392ms)


  (Results)

  ┌────────────────────────────────────────────────────────────────────────────────────────────────┐
  │ Tests:        1                                                                                │
  │ Passing:      1                                                                                │
  │ Failing:      0                                                                                │
  │ Pending:      0                                                                                │
  │ Skipped:      0                                                                                │
  │ Screenshots:  0                                                                                │
  │ Video:        false                                                                            │
  │ Duration:     0 seconds                                                                        │
  │ Spec Ran:     00_simple_visit.cy.ts                                                            │
  └────────────────────────────────────────────────────────────────────────────────────────────────┘


────────────────────────────────────────────────────────────────────────────────────────────────────
                                                                                                    
  Running:  01_onboarding_dashboard.cy.ts                                                   (2 of 6)


  Onboarding → Dashboard (mock)
    1) completes minimal onboarding and lands on dashboard


  0 passing (4s)
  1 failing

  1) Onboarding → Dashboard (mock)
       completes minimal onboarding and lands on dashboard:
     AssertionError: Timed out retrying after 4000ms: Expected to find element: `button,[role=button]`, but never found it.
      at Context.eval (webpack://vite_react_shadcn_ts/./cypress/e2e/01_onboarding_dashboard.cy.ts:11:9)




  (Results)

  ┌────────────────────────────────────────────────────────────────────────────────────────────────┐
  │ Tests:        1                                                                                │
  │ Passing:      0                                                                                │
  │ Failing:      1                                                                                │
  │ Pending:      0                                                                                │
  │ Skipped:      0                                                                                │
  │ Screenshots:  1                                                                                │
  │ Video:        false                                                                            │
  │ Duration:     4 seconds                                                                        │
  │ Spec Ran:     01_onboarding_dashboard.cy.ts                                                    │
  └────────────────────────────────────────────────────────────────────────────────────────────────┘


  (Screenshots)

  -  /Users/luborfedak/Documents/Github/phoenix/cypress/screenshots/01_onboarding_das     (1280x720)
     hboard.cy.ts/Onboarding → Dashboard (mock) -- completes minimal onboarding and l               
     ands on dashboard (failed).png                                                                 


────────────────────────────────────────────────────────────────────────────────────────────────────
                                                                                                    
  Running:  02_scan_to_vault.cy.ts                                                          (3 of 6)


  Upload/Scan → Categorize → Vault (mock)
    1) uploads or simulates scan and shows in Vault


  0 passing (4s)
  1 failing

  1) Upload/Scan → Categorize → Vault (mock)
       uploads or simulates scan and shows in Vault:
     AssertionError: Timed out retrying after 4000ms: Expected to find element: `input[type=file],button,[role=button]`, but never found it.
      at Context.eval (webpack://vite_react_shadcn_ts/./cypress/e2e/02_scan_to_vault.cy.ts:18:9)




  (Results)

  ┌────────────────────────────────────────────────────────────────────────────────────────────────┐
  │ Tests:        1                                                                                │
  │ Passing:      0                                                                                │
  │ Failing:      1                                                                                │
  │ Pending:      0                                                                                │
  │ Skipped:      0                                                                                │
  │ Screenshots:  1                                                                                │
  │ Video:        false                                                                            │
  │ Duration:     4 seconds                                                                        │
  │ Spec Ran:     02_scan_to_vault.cy.ts                                                           │
  └────────────────────────────────────────────────────────────────────────────────────────────────┘


  (Screenshots)

  -  /Users/luborfedak/Documents/Github/phoenix/cypress/screenshots/02_scan_to_vault.     (1280x720)
     cy.ts/UploadScan → Categorize → Vault (mock) -- uploads or simulates scan and sh               
     ows in Vault (failed).png                                                                      


────────────────────────────────────────────────────────────────────────────────────────────────────
                                                                                                    
  Running:  03_will_pdf.cy.ts                                                               (4 of 6)


  Will Generator → PDF (mock)
    1) completes will wizard and gets PDF preview


  0 passing (5s)
  1 failing

  1) Will Generator → PDF (mock)
       completes will wizard and gets PDF preview:
     AssertionError: Timed out retrying after 4000ms: Expected to find element: `input,select,textarea`, but never found it.
      at Context.eval (webpack://vite_react_shadcn_ts/./cypress/e2e/03_will_pdf.cy.ts:11:7)




  (Results)

  ┌────────────────────────────────────────────────────────────────────────────────────────────────┐
  │ Tests:        1                                                                                │
  │ Passing:      0                                                                                │
  │ Failing:      1                                                                                │
  │ Pending:      0                                                                                │
  │ Skipped:      0                                                                                │
  │ Screenshots:  1                                                                                │
  │ Video:        false                                                                            │
  │ Duration:     4 seconds                                                                        │
  │ Spec Ran:     03_will_pdf.cy.ts                                                                │
  └────────────────────────────────────────────────────────────────────────────────────────────────┘


  (Screenshots)

  -  /Users/luborfedak/Documents/Github/phoenix/cypress/screenshots/03_will_pdf.cy.ts     (1280x720)
     /Will Generator → PDF (mock) -- completes will wizard and gets PDF preview (fail               
     ed).png                                                                                        


────────────────────────────────────────────────────────────────────────────────────────────────────
                                                                                                    
  Running:  04_time_capsule.cy.ts                                                           (5 of 6)


  Time Capsule → create/schedule/list (mock)
    1) creates a capsule and lists it


  0 passing (4s)
  1 failing

  1) Time Capsule → create/schedule/list (mock)
       creates a capsule and lists it:
     AssertionError: Timed out retrying after 4000ms: Expected to find element: `button,[role=button]`, but never found it.
      at Context.eval (webpack://vite_react_shadcn_ts/./cypress/e2e/04_time_capsule.cy.ts:14:9)




  (Results)

  ┌────────────────────────────────────────────────────────────────────────────────────────────────┐
  │ Tests:        1                                                                                │
  │ Passing:      0                                                                                │
  │ Failing:      1                                                                                │
  │ Pending:      0                                                                                │
  │ Skipped:      0                                                                                │
  │ Screenshots:  1                                                                                │
  │ Video:        false                                                                            │
  │ Duration:     4 seconds                                                                        │
  │ Spec Ran:     04_time_capsule.cy.ts                                                            │
  └────────────────────────────────────────────────────────────────────────────────────────────────┘


  (Screenshots)

  -  /Users/luborfedak/Documents/Github/phoenix/cypress/screenshots/04_time_capsule.c     (1280x720)
     y.ts/Time Capsule → createschedulelist (mock) -- creates a capsule and lists it                
     (failed).png                                                                                   


────────────────────────────────────────────────────────────────────────────────────────────────────
                                                                                                    
  Running:  05_dead_man_switch.cy.ts                                                        (6 of 6)


  Dead Man Switch → enable/check-in/trigger (mock)
    1) enables DMS, does a check-in and simulates trigger


  0 passing (4s)
  1 failing

  1) Dead Man Switch → enable/check-in/trigger (mock)
       enables DMS, does a check-in and simulates trigger:
     AssertionError: Timed out retrying after 4000ms: Expected to find content: '/dead man|inactivity|check[- ]?in|keep alive|heartbeat/i' but never did.
      at Context.eval (webpack://vite_react_shadcn_ts/./cypress/e2e/05_dead_man_switch.cy.ts:11:74)




  (Results)

  ┌────────────────────────────────────────────────────────────────────────────────────────────────┐
  │ Tests:        1                                                                                │
  │ Passing:      0                                                                                │
  │ Failing:      1                                                                                │
  │ Pending:      0                                                                                │
  │ Skipped:      0                                                                                │
  │ Screenshots:  1                                                                                │
  │ Video:        false                                                                            │
  │ Duration:     4 seconds                                                                        │
  │ Spec Ran:     05_dead_man_switch.cy.ts                                                         │
  └────────────────────────────────────────────────────────────────────────────────────────────────┘


  (Screenshots)

  -  /Users/luborfedak/Documents/Github/phoenix/cypress/screenshots/05_dead_man_switc     (1280x720)
     h.cy.ts/Dead Man Switch → enablecheck-intrigger (mock) -- enables DMS, does a ch               
     eck-in and simulates trigger (failed).png                                                      


====================================================================================================

  (Run Finished)


       Spec                                              Tests  Passing  Failing  Pending  Skipped  
  ┌────────────────────────────────────────────────────────────────────────────────────────────────┐
  │ ✔  00_simple_visit.cy.ts                    394ms        1        1        -        -        - │
  ├────────────────────────────────────────────────────────────────────────────────────────────────┤
  │ ✖  01_onboarding_dashboard.cy.ts            00:04        1        -        1        -        - │
  ├────────────────────────────────────────────────────────────────────────────────────────────────┤
  │ ✖  02_scan_to_vault.cy.ts                   00:04        1        -        1        -        - │
  ├────────────────────────────────────────────────────────────────────────────────────────────────┤
  │ ✖  03_will_pdf.cy.ts                        00:04        1        -        1        -        - │
  ├────────────────────────────────────────────────────────────────────────────────────────────────┤
  │ ✖  04_time_capsule.cy.ts                    00:04        1        -        1        -        - │
  ├────────────────────────────────────────────────────────────────────────────────────────────────┤
  │ ✖  05_dead_man_switch.cy.ts                 00:04        1        -        1        -        - │
  └────────────────────────────────────────────────────────────────────────────────────────────────┘
    ✖  5 of 6 failed (83%)                      00:22        6        1        5        -        -  

